{"/Users/kazushi/Projects/netconv-test/src/constants.ts": {"path":"/Users/kazushi/Projects/netconv-test/src/constants.ts","statementMap":{"0":{"start":{"line":1,"column":20},"end":{"line":106,"column":1}}},"fnMap":{},"branchMap":{},"s":{"0":2},"f":{},"b":{},"_coverageSchema":"1a1c01bbd47fc00a2c39e90264f33305004495a9","hash":"f570d5acb40d00188c65e94231f17150f7280e3c"}
,"/Users/kazushi/Projects/netconv-test/src/components/CartIcon.tsx": {"path":"/Users/kazushi/Projects/netconv-test/src/components/CartIcon.tsx","statementMap":{"0":{"start":{"line":8,"column":28},"end":{"line":28,"column":1}},"1":{"start":{"line":9,"column":19},"end":{"line":9,"column":48}},"2":{"start":{"line":10,"column":21},"end":{"line":10,"column":36}},"3":{"start":{"line":11,"column":2},"end":{"line":27,"column":4}},"4":{"start":{"line":15,"column":21},"end":{"line":15,"column":48}},"5":{"start":{"line":30,"column":15},"end":{"line":55,"column":2}}},"fnMap":{"0":{"name":"(anonymous_0)","decl":{"start":{"line":8,"column":28},"end":{"line":8,"column":29}},"loc":{"start":{"line":8,"column":34},"end":{"line":28,"column":1}},"line":8},"1":{"name":"(anonymous_1)","decl":{"start":{"line":15,"column":15},"end":{"line":15,"column":16}},"loc":{"start":{"line":15,"column":21},"end":{"line":15,"column":48}},"line":15}},"branchMap":{},"s":{"0":11,"1":1,"2":0,"3":0,"4":0,"5":11},"f":{"0":1,"1":0},"b":{},"_coverageSchema":"1a1c01bbd47fc00a2c39e90264f33305004495a9","hash":"1fad4b8027116a683528c2010b4847d88170c110"}
,"/Users/kazushi/Projects/netconv-test/src/components/CartItem.tsx": {"path":"/Users/kazushi/Projects/netconv-test/src/components/CartItem.tsx","statementMap":{"0":{"start":{"line":14,"column":35},"end":{"line":44,"column":1}},"1":{"start":{"line":15,"column":21},"end":{"line":15,"column":36}},"2":{"start":{"line":16,"column":22},"end":{"line":18,"column":3}},"3":{"start":{"line":17,"column":4},"end":{"line":17,"column":52}},"4":{"start":{"line":19,"column":2},"end":{"line":43,"column":4}},"5":{"start":{"line":24,"column":23},"end":{"line":24,"column":43}},"6":{"start":{"line":46,"column":15},"end":{"line":77,"column":2}}},"fnMap":{"0":{"name":"(anonymous_0)","decl":{"start":{"line":14,"column":35},"end":{"line":14,"column":36}},"loc":{"start":{"line":14,"column":61},"end":{"line":44,"column":1}},"line":14},"1":{"name":"(anonymous_1)","decl":{"start":{"line":16,"column":22},"end":{"line":16,"column":23}},"loc":{"start":{"line":16,"column":44},"end":{"line":18,"column":3}},"line":16},"2":{"name":"(anonymous_2)","decl":{"start":{"line":24,"column":17},"end":{"line":24,"column":18}},"loc":{"start":{"line":24,"column":23},"end":{"line":24,"column":43}},"line":24}},"branchMap":{},"s":{"0":12,"1":1,"2":1,"3":1,"4":1,"5":1,"6":12},"f":{"0":1,"1":1,"2":1},"b":{},"_coverageSchema":"1a1c01bbd47fc00a2c39e90264f33305004495a9","hash":"de027800632ccf8decded68fc655f0d13d0b540a"}
,"/Users/kazushi/Projects/netconv-test/src/components/CircularButton.tsx": {"path":"/Users/kazushi/Projects/netconv-test/src/components/CircularButton.tsx","statementMap":{"0":{"start":{"line":9,"column":41},"end":{"line":13,"column":1}},"1":{"start":{"line":10,"column":2},"end":{"line":12,"column":9}},"2":{"start":{"line":15,"column":15},"end":{"line":25,"column":2}}},"fnMap":{"0":{"name":"(anonymous_0)","decl":{"start":{"line":9,"column":41},"end":{"line":9,"column":42}},"loc":{"start":{"line":10,"column":2},"end":{"line":12,"column":9}},"line":10}},"branchMap":{},"s":{"0":12,"1":3,"2":12},"f":{"0":3},"b":{},"_coverageSchema":"1a1c01bbd47fc00a2c39e90264f33305004495a9","hash":"067fa86eb8a96e8d6c64513a87400880c3878865"}
,"/Users/kazushi/Projects/netconv-test/src/components/DeleteButton.tsx": {"path":"/Users/kazushi/Projects/netconv-test/src/components/DeleteButton.tsx","statementMap":{"0":{"start":{"line":13,"column":39},"end":{"line":32,"column":1}},"1":{"start":{"line":14,"column":19},"end":{"line":14,"column":32}},"2":{"start":{"line":15,"column":19},"end":{"line":17,"column":3}},"3":{"start":{"line":16,"column":4},"end":{"line":16,"column":53}},"4":{"start":{"line":18,"column":2},"end":{"line":31,"column":4}},"5":{"start":{"line":34,"column":15},"end":{"line":59,"column":2}}},"fnMap":{"0":{"name":"(anonymous_0)","decl":{"start":{"line":13,"column":39},"end":{"line":13,"column":40}},"loc":{"start":{"line":13,"column":56},"end":{"line":32,"column":1}},"line":13},"1":{"name":"(anonymous_1)","decl":{"start":{"line":15,"column":19},"end":{"line":15,"column":20}},"loc":{"start":{"line":15,"column":25},"end":{"line":17,"column":3}},"line":15}},"branchMap":{},"s":{"0":12,"1":3,"2":0,"3":0,"4":0,"5":12},"f":{"0":3,"1":0},"b":{},"_coverageSchema":"1a1c01bbd47fc00a2c39e90264f33305004495a9","hash":"21f2ee32d774615e4fe4c620ebf7bff7c234a727"}
,"/Users/kazushi/Projects/netconv-test/src/components/Icon.tsx": {"path":"/Users/kazushi/Projects/netconv-test/src/components/Icon.tsx","statementMap":{"0":{"start":{"line":14,"column":31},"end":{"line":16,"column":1}},"1":{"start":{"line":15,"column":2},"end":{"line":15,"column":65}},"2":{"start":{"line":18,"column":15},"end":{"line":23,"column":2}}},"fnMap":{"0":{"name":"(anonymous_0)","decl":{"start":{"line":14,"column":31},"end":{"line":14,"column":32}},"loc":{"start":{"line":15,"column":2},"end":{"line":15,"column":65}},"line":15}},"branchMap":{},"s":{"0":12,"1":1,"2":12},"f":{"0":1},"b":{},"_coverageSchema":"1a1c01bbd47fc00a2c39e90264f33305004495a9","hash":"f676652b8a6bb3406895bdf4e172b83431b98118"}
,"/Users/kazushi/Projects/netconv-test/src/components/Item.tsx": {"path":"/Users/kazushi/Projects/netconv-test/src/components/Item.tsx","statementMap":{"0":{"start":{"line":11,"column":31},"end":{"line":30,"column":1}},"1":{"start":{"line":12,"column":2},"end":{"line":29,"column":23}},"2":{"start":{"line":16,"column":19},"end":{"line":16,"column":35}},"3":{"start":{"line":32,"column":15},"end":{"line":63,"column":2}}},"fnMap":{"0":{"name":"(anonymous_0)","decl":{"start":{"line":11,"column":31},"end":{"line":11,"column":32}},"loc":{"start":{"line":12,"column":2},"end":{"line":29,"column":23}},"line":12},"1":{"name":"(anonymous_1)","decl":{"start":{"line":16,"column":13},"end":{"line":16,"column":14}},"loc":{"start":{"line":16,"column":19},"end":{"line":16,"column":35}},"line":16}},"branchMap":{},"s":{"0":11,"1":2,"2":1,"3":11},"f":{"0":2,"1":1},"b":{},"_coverageSchema":"1a1c01bbd47fc00a2c39e90264f33305004495a9","hash":"10ed407c68debb3b30c284fcf00acbd321001b37"}
,"/Users/kazushi/Projects/netconv-test/src/components/LogoIcon.tsx": {"path":"/Users/kazushi/Projects/netconv-test/src/components/LogoIcon.tsx","statementMap":{"0":{"start":{"line":4,"column":28},"end":{"line":6,"column":1}},"1":{"start":{"line":5,"column":2},"end":{"line":5,"column":57}}},"fnMap":{"0":{"name":"(anonymous_0)","decl":{"start":{"line":4,"column":28},"end":{"line":4,"column":29}},"loc":{"start":{"line":5,"column":2},"end":{"line":5,"column":57}},"line":5}},"branchMap":{},"s":{"0":11,"1":1},"f":{"0":1},"b":{},"_coverageSchema":"1a1c01bbd47fc00a2c39e90264f33305004495a9","hash":"d0e6bbfac2030a397195bb07b88645e0de2f1284"}
,"/Users/kazushi/Projects/netconv-test/src/components/QuantityItem.tsx": {"path":"/Users/kazushi/Projects/netconv-test/src/components/QuantityItem.tsx","statementMap":{"0":{"start":{"line":11,"column":39},"end":{"line":25,"column":1}},"1":{"start":{"line":12,"column":20},"end":{"line":17,"column":3}},"2":{"start":{"line":13,"column":4},"end":{"line":15,"column":5}},"3":{"start":{"line":14,"column":6},"end":{"line":14,"column":13}},"4":{"start":{"line":16,"column":4},"end":{"line":16,"column":68}},"5":{"start":{"line":18,"column":2},"end":{"line":24,"column":4}},"6":{"start":{"line":20,"column":37},"end":{"line":20,"column":50}},"7":{"start":{"line":22,"column":37},"end":{"line":22,"column":49}},"8":{"start":{"line":26,"column":15},"end":{"line":37,"column":2}}},"fnMap":{"0":{"name":"(anonymous_0)","decl":{"start":{"line":11,"column":39},"end":{"line":11,"column":40}},"loc":{"start":{"line":11,"column":65},"end":{"line":25,"column":1}},"line":11},"1":{"name":"(anonymous_1)","decl":{"start":{"line":12,"column":20},"end":{"line":12,"column":21}},"loc":{"start":{"line":12,"column":42},"end":{"line":17,"column":3}},"line":12},"2":{"name":"(anonymous_2)","decl":{"start":{"line":20,"column":31},"end":{"line":20,"column":32}},"loc":{"start":{"line":20,"column":37},"end":{"line":20,"column":50}},"line":20},"3":{"name":"(anonymous_3)","decl":{"start":{"line":22,"column":31},"end":{"line":22,"column":32}},"loc":{"start":{"line":22,"column":37},"end":{"line":22,"column":49}},"line":22}},"branchMap":{"0":{"loc":{"start":{"line":13,"column":4},"end":{"line":15,"column":5}},"type":"if","locations":[{"start":{"line":13,"column":4},"end":{"line":15,"column":5}},{"start":{"line":13,"column":4},"end":{"line":15,"column":5}}],"line":13},"1":{"loc":{"start":{"line":13,"column":8},"end":{"line":13,"column":49}},"type":"binary-expr","locations":[{"start":{"line":13,"column":8},"end":{"line":13,"column":30}},{"start":{"line":13,"column":34},"end":{"line":13,"column":49}}],"line":13}},"s":{"0":12,"1":3,"2":2,"3":1,"4":1,"5":3,"6":1,"7":1,"8":12},"f":{"0":3,"1":2,"2":1,"3":1},"b":{"0":[1,1],"1":[2,2]},"_coverageSchema":"1a1c01bbd47fc00a2c39e90264f33305004495a9","hash":"a02e28653ded7aad520b0498d3132cfc9df0e412"}
,"/Users/kazushi/Projects/netconv-test/src/components/index.tsx": {"path":"/Users/kazushi/Projects/netconv-test/src/components/index.tsx","statementMap":{},"fnMap":{},"branchMap":{},"s":{},"f":{},"b":{},"_coverageSchema":"1a1c01bbd47fc00a2c39e90264f33305004495a9","hash":"73ccc1efc5dead2bfd7ee5877e4b8cbd2d4e4bb1"}
,"/Users/kazushi/Projects/netconv-test/src/hooks/react-hooks.ts": {"path":"/Users/kazushi/Projects/netconv-test/src/hooks/react-hooks.ts","statementMap":{"0":{"start":{"line":6,"column":27},"end":{"line":6,"column":70}},"1":{"start":{"line":6,"column":43},"end":{"line":6,"column":70}},"2":{"start":{"line":7,"column":27},"end":{"line":7,"column":54}},"3":{"start":{"line":7,"column":33},"end":{"line":7,"column":54}}},"fnMap":{"0":{"name":"(anonymous_0)","decl":{"start":{"line":6,"column":27},"end":{"line":6,"column":28}},"loc":{"start":{"line":6,"column":43},"end":{"line":6,"column":70}},"line":6},"1":{"name":"(anonymous_1)","decl":{"start":{"line":7,"column":27},"end":{"line":7,"column":28}},"loc":{"start":{"line":7,"column":33},"end":{"line":7,"column":54}},"line":7}},"branchMap":{},"s":{"0":4,"1":0,"2":4,"3":0},"f":{"0":0,"1":0},"b":{},"_coverageSchema":"1a1c01bbd47fc00a2c39e90264f33305004495a9","hash":"f8fc0594cec85e17e5874d5479db8b642784b077"}
,"/Users/kazushi/Projects/netconv-test/src/pages/CartScreen.tsx": {"path":"/Users/kazushi/Projects/netconv-test/src/pages/CartScreen.tsx","statementMap":{"0":{"start":{"line":18,"column":30},"end":{"line":62,"column":1}},"1":{"start":{"line":19,"column":28},"end":{"line":19,"column":39}},"2":{"start":{"line":20,"column":19},"end":{"line":20,"column":32}},"3":{"start":{"line":21,"column":19},"end":{"line":21,"column":48}},"4":{"start":{"line":22,"column":21},"end":{"line":22,"column":36}},"5":{"start":{"line":24,"column":2},"end":{"line":32,"column":17}},"6":{"start":{"line":25,"column":18},"end":{"line":30,"column":9}},"7":{"start":{"line":26,"column":6},"end":{"line":28,"column":7}},"8":{"start":{"line":27,"column":8},"end":{"line":27,"column":48}},"9":{"start":{"line":29,"column":6},"end":{"line":29,"column":17}},"10":{"start":{"line":31,"column":4},"end":{"line":31,"column":44}},"11":{"start":{"line":34,"column":19},"end":{"line":37,"column":3}},"12":{"start":{"line":35,"column":4},"end":{"line":35,"column":41}},"13":{"start":{"line":36,"column":4},"end":{"line":36,"column":32}},"14":{"start":{"line":38,"column":26},"end":{"line":40,"column":3}},"15":{"start":{"line":39,"column":4},"end":{"line":39,"column":50}},"16":{"start":{"line":42,"column":2},"end":{"line":61,"column":4}},"17":{"start":{"line":46,"column":40},"end":{"line":46,"column":51}},"18":{"start":{"line":47,"column":39},"end":{"line":47,"column":54}},"19":{"start":{"line":49,"column":12},"end":{"line":49,"column":65}},"20":{"start":{"line":64,"column":15},"end":{"line":84,"column":2}}},"fnMap":{"0":{"name":"(anonymous_0)","decl":{"start":{"line":18,"column":30},"end":{"line":18,"column":31}},"loc":{"start":{"line":18,"column":36},"end":{"line":62,"column":1}},"line":18},"1":{"name":"(anonymous_1)","decl":{"start":{"line":24,"column":12},"end":{"line":24,"column":13}},"loc":{"start":{"line":24,"column":18},"end":{"line":32,"column":3}},"line":24},"2":{"name":"(anonymous_2)","decl":{"start":{"line":25,"column":34},"end":{"line":25,"column":35}},"loc":{"start":{"line":25,"column":49},"end":{"line":30,"column":5}},"line":25},"3":{"name":"(anonymous_3)","decl":{"start":{"line":34,"column":19},"end":{"line":34,"column":20}},"loc":{"start":{"line":34,"column":25},"end":{"line":37,"column":3}},"line":34},"4":{"name":"(anonymous_4)","decl":{"start":{"line":38,"column":26},"end":{"line":38,"column":27}},"loc":{"start":{"line":38,"column":48},"end":{"line":40,"column":3}},"line":38},"5":{"name":"(anonymous_5)","decl":{"start":{"line":46,"column":30},"end":{"line":46,"column":31}},"loc":{"start":{"line":46,"column":40},"end":{"line":46,"column":51}},"line":46},"6":{"name":"(anonymous_6)","decl":{"start":{"line":47,"column":24},"end":{"line":47,"column":25}},"loc":{"start":{"line":47,"column":39},"end":{"line":47,"column":54}},"line":47},"7":{"name":"(anonymous_7)","decl":{"start":{"line":48,"column":22},"end":{"line":48,"column":23}},"loc":{"start":{"line":49,"column":12},"end":{"line":49,"column":65}},"line":49}},"branchMap":{"0":{"loc":{"start":{"line":26,"column":6},"end":{"line":28,"column":7}},"type":"if","locations":[{"start":{"line":26,"column":6},"end":{"line":28,"column":7}},{"start":{"line":26,"column":6},"end":{"line":28,"column":7}}],"line":26}},"s":{"0":2,"1":1,"2":1,"3":0,"4":0,"5":0,"6":0,"7":0,"8":0,"9":0,"10":0,"11":0,"12":0,"13":0,"14":0,"15":0,"16":0,"17":0,"18":0,"19":0,"20":2},"f":{"0":1,"1":0,"2":0,"3":0,"4":0,"5":0,"6":0,"7":0},"b":{"0":[0,0]},"_coverageSchema":"1a1c01bbd47fc00a2c39e90264f33305004495a9","hash":"dd8c1b091da3b7de340bc7cb5d1d594f1f0dcaa3"}
,"/Users/kazushi/Projects/netconv-test/src/pages/HomeScreen.tsx": {"path":"/Users/kazushi/Projects/netconv-test/src/pages/HomeScreen.tsx","statementMap":{"0":{"start":{"line":8,"column":30},"end":{"line":23,"column":1}},"1":{"start":{"line":9,"column":21},"end":{"line":9,"column":36}},"2":{"start":{"line":10,"column":22},"end":{"line":12,"column":3}},"3":{"start":{"line":11,"column":4},"end":{"line":11,"column":52}},"4":{"start":{"line":13,"column":2},"end":{"line":22,"column":4}},"5":{"start":{"line":18,"column":37},"end":{"line":18,"column":52}},"6":{"start":{"line":19,"column":34},"end":{"line":19,"column":79}},"7":{"start":{"line":25,"column":15},"end":{"line":29,"column":2}}},"fnMap":{"0":{"name":"(anonymous_0)","decl":{"start":{"line":8,"column":30},"end":{"line":8,"column":31}},"loc":{"start":{"line":8,"column":36},"end":{"line":23,"column":1}},"line":8},"1":{"name":"(anonymous_1)","decl":{"start":{"line":10,"column":22},"end":{"line":10,"column":23}},"loc":{"start":{"line":10,"column":44},"end":{"line":12,"column":3}},"line":10},"2":{"name":"(anonymous_2)","decl":{"start":{"line":18,"column":22},"end":{"line":18,"column":23}},"loc":{"start":{"line":18,"column":37},"end":{"line":18,"column":52}},"line":18},"3":{"name":"(anonymous_3)","decl":{"start":{"line":19,"column":20},"end":{"line":19,"column":21}},"loc":{"start":{"line":19,"column":34},"end":{"line":19,"column":79}},"line":19}},"branchMap":{},"s":{"0":2,"1":1,"2":1,"3":0,"4":1,"5":0,"6":0,"7":2},"f":{"0":1,"1":0,"2":0,"3":0},"b":{},"_coverageSchema":"1a1c01bbd47fc00a2c39e90264f33305004495a9","hash":"bcfd5ff7693ccc05856a6157ebc5ebb075ee8d1f"}
,"/Users/kazushi/Projects/netconv-test/src/pages/ProductDescriptionScreen.tsx": {"path":"/Users/kazushi/Projects/netconv-test/src/pages/ProductDescriptionScreen.tsx","statementMap":{"0":{"start":{"line":14,"column":51},"end":{"line":43,"column":1}},"1":{"start":{"line":15,"column":22},"end":{"line":15,"column":34}},"2":{"start":{"line":16,"column":26},"end":{"line":18,"column":3}},"3":{"start":{"line":19,"column":19},"end":{"line":19,"column":32}},"4":{"start":{"line":20,"column":21},"end":{"line":20,"column":36}},"5":{"start":{"line":21,"column":16},"end":{"line":24,"column":3}},"6":{"start":{"line":22,"column":4},"end":{"line":22,"column":47}},"7":{"start":{"line":23,"column":4},"end":{"line":23,"column":32}},"8":{"start":{"line":26,"column":2},"end":{"line":42,"column":4}},"9":{"start":{"line":45,"column":15},"end":{"line":77,"column":2}}},"fnMap":{"0":{"name":"(anonymous_0)","decl":{"start":{"line":14,"column":51},"end":{"line":14,"column":52}},"loc":{"start":{"line":14,"column":66},"end":{"line":43,"column":1}},"line":14},"1":{"name":"(anonymous_1)","decl":{"start":{"line":21,"column":16},"end":{"line":21,"column":17}},"loc":{"start":{"line":21,"column":22},"end":{"line":24,"column":3}},"line":21}},"branchMap":{},"s":{"0":2,"1":4,"2":4,"3":4,"4":4,"5":0,"6":0,"7":0,"8":0,"9":2},"f":{"0":4,"1":0},"b":{},"_coverageSchema":"1a1c01bbd47fc00a2c39e90264f33305004495a9","hash":"0385e5ceac54aa8df6fc2490285aeefeee723f50"}
,"/Users/kazushi/Projects/netconv-test/src/pages/index.ts": {"path":"/Users/kazushi/Projects/netconv-test/src/pages/index.ts","statementMap":{},"fnMap":{},"branchMap":{},"s":{},"f":{},"b":{},"_coverageSchema":"1a1c01bbd47fc00a2c39e90264f33305004495a9","hash":"f8f6985d8c4a609b86473aed57e20d1ca9e4324f"}
,"/Users/kazushi/Projects/netconv-test/src/store/index.ts": {"path":"/Users/kazushi/Projects/netconv-test/src/store/index.ts","statementMap":{"0":{"start":{"line":7,"column":2},"end":{"line":7,"column":79}}},"fnMap":{"0":{"name":"initializeStore","decl":{"start":{"line":6,"column":16},"end":{"line":6,"column":31}},"loc":{"start":{"line":6,"column":34},"end":{"line":8,"column":1}},"line":6}},"branchMap":{},"s":{"0":1},"f":{"0":1},"b":{},"_coverageSchema":"1a1c01bbd47fc00a2c39e90264f33305004495a9","hash":"8456f8433dd4b8c5678fdc57cbb669fd4f5f0e9b"}
,"/Users/kazushi/Projects/netconv-test/src/store/state.ts": {"path":"/Users/kazushi/Projects/netconv-test/src/store/state.ts","statementMap":{"0":{"start":{"line":7,"column":47},"end":{"line":11,"column":1}}},"fnMap":{},"branchMap":{},"s":{"0":0},"f":{},"b":{}}
,"/Users/kazushi/Projects/netconv-test/src/store/actions/helpers.ts": {"path":"/Users/kazushi/Projects/netconv-test/src/store/actions/helpers.ts","statementMap":{"0":{"start":{"line":82,"column":2},"end":{"line":82,"column":62}}},"fnMap":{"0":{"name":"createAction","decl":{"start":{"line":81,"column":16},"end":{"line":81,"column":28}},"loc":{"start":{"line":81,"column":72},"end":{"line":83,"column":1}},"line":81}},"branchMap":{"0":{"loc":{"start":{"line":82,"column":9},"end":{"line":82,"column":61}},"type":"cond-expr","locations":[{"start":{"line":82,"column":33},"end":{"line":82,"column":41}},{"start":{"line":82,"column":44},"end":{"line":82,"column":61}}],"line":82}},"s":{"0":3},"f":{"0":3},"b":{"0":[1,2]},"_coverageSchema":"1a1c01bbd47fc00a2c39e90264f33305004495a9","hash":"e720c628276b656232dea6102c36e6d883304cdf"}
,"/Users/kazushi/Projects/netconv-test/src/store/actions/products.ts": {"path":"/Users/kazushi/Projects/netconv-test/src/store/actions/products.ts","statementMap":{"0":{"start":{"line":17,"column":31},"end":{"line":24,"column":1}},"1":{"start":{"line":19,"column":4},"end":{"line":19,"column":58}},"2":{"start":{"line":21,"column":4},"end":{"line":21,"column":61}},"3":{"start":{"line":23,"column":4},"end":{"line":23,"column":47}}},"fnMap":{"0":{"name":"(anonymous_0)","decl":{"start":{"line":18,"column":14},"end":{"line":18,"column":15}},"loc":{"start":{"line":19,"column":4},"end":{"line":19,"column":58}},"line":19},"1":{"name":"(anonymous_1)","decl":{"start":{"line":20,"column":17},"end":{"line":20,"column":18}},"loc":{"start":{"line":21,"column":4},"end":{"line":21,"column":61}},"line":21},"2":{"name":"(anonymous_2)","decl":{"start":{"line":22,"column":12},"end":{"line":22,"column":13}},"loc":{"start":{"line":23,"column":4},"end":{"line":23,"column":47}},"line":23}},"branchMap":{},"s":{"0":14,"1":1,"2":1,"3":1},"f":{"0":1,"1":1,"2":1},"b":{},"_coverageSchema":"1a1c01bbd47fc00a2c39e90264f33305004495a9","hash":"d12f2083836d7212f04d085a7ad7c4051ba3c95b"}
,"/Users/kazushi/Projects/netconv-test/src/store/reducers/index.ts": {"path":"/Users/kazushi/Projects/netconv-test/src/store/reducers/index.ts","statementMap":{},"fnMap":{},"branchMap":{},"s":{},"f":{},"b":{},"_coverageSchema":"1a1c01bbd47fc00a2c39e90264f33305004495a9","hash":"51b1b54d63bf0d300003db061f1732b1da81f8ee"}
,"/Users/kazushi/Projects/netconv-test/src/store/reducers/products.ts": {"path":"/Users/kazushi/Projects/netconv-test/src/store/reducers/products.ts","statementMap":{"0":{"start":{"line":8,"column":44},"end":{"line":10,"column":1}},"1":{"start":{"line":12,"column":20},"end":{"line":47,"column":1}},"2":{"start":{"line":16,"column":2},"end":{"line":46,"column":3}},"3":{"start":{"line":18,"column":31},"end":{"line":20,"column":35}},"4":{"start":{"line":19,"column":18},"end":{"line":19,"column":22}},"5":{"start":{"line":21,"column":6},"end":{"line":29,"column":7}},"6":{"start":{"line":22,"column":8},"end":{"line":28,"column":10}},"7":{"start":{"line":25,"column":42},"end":{"line":25,"column":68}},"8":{"start":{"line":30,"column":6},"end":{"line":33,"column":8}},"9":{"start":{"line":35,"column":6},"end":{"line":38,"column":8}},"10":{"start":{"line":37,"column":49},"end":{"line":37,"column":75}},"11":{"start":{"line":40,"column":6},"end":{"line":43,"column":8}},"12":{"start":{"line":45,"column":6},"end":{"line":45,"column":19}}},"fnMap":{"0":{"name":"(anonymous_0)","decl":{"start":{"line":12,"column":20},"end":{"line":12,"column":21}},"loc":{"start":{"line":15,"column":21},"end":{"line":47,"column":1}},"line":15},"1":{"name":"(anonymous_1)","decl":{"start":{"line":19,"column":13},"end":{"line":19,"column":14}},"loc":{"start":{"line":19,"column":18},"end":{"line":19,"column":22}},"line":19},"2":{"name":"(anonymous_2)","decl":{"start":{"line":25,"column":37},"end":{"line":25,"column":38}},"loc":{"start":{"line":25,"column":42},"end":{"line":25,"column":68}},"line":25},"3":{"name":"(anonymous_3)","decl":{"start":{"line":37,"column":44},"end":{"line":37,"column":45}},"loc":{"start":{"line":37,"column":49},"end":{"line":37,"column":75}},"line":37}},"branchMap":{"0":{"loc":{"start":{"line":13,"column":2},"end":{"line":13,"column":22}},"type":"default-arg","locations":[{"start":{"line":13,"column":10},"end":{"line":13,"column":22}}],"line":13},"1":{"loc":{"start":{"line":16,"column":2},"end":{"line":46,"column":3}},"type":"switch","locations":[{"start":{"line":17,"column":4},"end":{"line":33,"column":8}},{"start":{"line":34,"column":4},"end":{"line":38,"column":8}},{"start":{"line":39,"column":4},"end":{"line":43,"column":8}},{"start":{"line":44,"column":4},"end":{"line":45,"column":19}}],"line":16},"2":{"loc":{"start":{"line":21,"column":6},"end":{"line":29,"column":7}},"type":"if","locations":[{"start":{"line":21,"column":6},"end":{"line":29,"column":7}},{"start":{"line":21,"column":6},"end":{"line":29,"column":7}}],"line":21}},"s":{"0":2,"1":2,"2":8,"3":2,"4":2,"5":2,"6":1,"7":2,"8":1,"9":1,"10":2,"11":1,"12":4},"f":{"0":8,"1":2,"2":2,"3":2},"b":{"0":[4],"1":[2,1,1,4],"2":[1,1]},"_coverageSchema":"1a1c01bbd47fc00a2c39e90264f33305004495a9","hash":"53301bc2e6f69fd5ef2a2a30bd6dab15b902162a"}
,"/Users/kazushi/Projects/netconv-test/src/store/selectors/index.ts": {"path":"/Users/kazushi/Projects/netconv-test/src/store/selectors/index.ts","statementMap":{"0":{"start":{"line":3,"column":32},"end":{"line":4,"column":25}},"1":{"start":{"line":4,"column":2},"end":{"line":4,"column":25}}},"fnMap":{"0":{"name":"(anonymous_0)","decl":{"start":{"line":3,"column":32},"end":{"line":3,"column":33}},"loc":{"start":{"line":4,"column":2},"end":{"line":4,"column":25}},"line":4}},"branchMap":{},"s":{"0":12,"1":0},"f":{"0":0},"b":{},"_coverageSchema":"1a1c01bbd47fc00a2c39e90264f33305004495a9","hash":"d1a378f65af9e5e5fee95e9d4b94f57fa0481671"}
,"/Users/kazushi/Projects/netconv-test/src/types/index.ts": {"path":"/Users/kazushi/Projects/netconv-test/src/types/index.ts","statementMap":{},"fnMap":{},"branchMap":{},"s":{},"f":{},"b":{},"_coverageSchema":"1a1c01bbd47fc00a2c39e90264f33305004495a9","hash":"eca16e4c7bf041edf77c26f9778882319d8019e3"}
,"/Users/kazushi/Projects/netconv-test/src/types/product.ts": {"path":"/Users/kazushi/Projects/netconv-test/src/types/product.ts","statementMap":{"0":{"start":{"line":9,"column":4},"end":{"line":9,"column":31}},"1":{"start":{"line":10,"column":4},"end":{"line":10,"column":45}},"2":{"start":{"line":11,"column":4},"end":{"line":11,"column":45}},"3":{"start":{"line":12,"column":4},"end":{"line":12,"column":47}},"4":{"start":{"line":13,"column":4},"end":{"line":13,"column":48}}},"fnMap":{"0":{"name":"(anonymous_0)","decl":{"start":{"line":8,"column":2},"end":{"line":8,"column":3}},"loc":{"start":{"line":8,"column":31},"end":{"line":14,"column":3}},"line":8}},"branchMap":{"0":{"loc":{"start":{"line":8,"column":14},"end":{"line":8,"column":29}},"type":"default-arg","locations":[{"start":{"line":8,"column":27},"end":{"line":8,"column":29}}],"line":8},"1":{"loc":{"start":{"line":10,"column":14},"end":{"line":10,"column":44}},"type":"cond-expr","locations":[{"start":{"line":10,"column":25},"end":{"line":10,"column":33}},{"start":{"line":10,"column":36},"end":{"line":10,"column":44}}],"line":10},"2":{"loc":{"start":{"line":11,"column":16},"end":{"line":11,"column":44}},"type":"cond-expr","locations":[{"start":{"line":11,"column":29},"end":{"line":11,"column":39}},{"start":{"line":11,"column":42},"end":{"line":11,"column":44}}],"line":11},"3":{"loc":{"start":{"line":12,"column":17},"end":{"line":12,"column":46}},"type":"cond-expr","locations":[{"start":{"line":12,"column":31},"end":{"line":12,"column":42}},{"start":{"line":12,"column":45},"end":{"line":12,"column":46}}],"line":12},"4":{"loc":{"start":{"line":13,"column":17},"end":{"line":13,"column":47}},"type":"cond-expr","locations":[{"start":{"line":13,"column":31},"end":{"line":13,"column":42}},{"start":{"line":13,"column":45},"end":{"line":13,"column":47}}],"line":13}},"s":{"0":4,"1":4,"2":4,"3":4,"4":4},"f":{"0":4},"b":{"0":[0],"1":[4,0],"2":[4,0],"3":[4,0],"4":[4,0]},"_coverageSchema":"1a1c01bbd47fc00a2c39e90264f33305004495a9","hash":"ab1b3d48e09da18d084e4ffe4a6864bd081be379"}
}
