TN:
SF:src/constants.ts
FNF:0
FNH:0
DA:1,2
LF:1
LH:1
BRF:0
BRH:0
end_of_record
TN:
SF:src/components/CartIcon.tsx
FN:8,(anonymous_0)
FN:15,(anonymous_1)
FNF:2
FNH:1
FNDA:1,(anonymous_0)
FNDA:0,(anonymous_1)
DA:8,11
DA:9,1
DA:10,0
DA:11,0
DA:15,0
DA:30,11
LF:6
LH:3
BRF:0
BRH:0
end_of_record
TN:
SF:src/components/CartItem.tsx
FN:14,(anonymous_0)
FN:16,(anonymous_1)
FN:24,(anonymous_2)
FNF:3
FNH:3
FNDA:1,(anonymous_0)
FNDA:1,(anonymous_1)
FNDA:1,(anonymous_2)
DA:14,12
DA:15,1
DA:16,1
DA:17,1
DA:19,1
DA:24,1
DA:46,12
LF:7
LH:7
BRF:0
BRH:0
end_of_record
TN:
SF:src/components/CircularButton.tsx
FN:9,(anonymous_0)
FNF:1
FNH:1
FNDA:3,(anonymous_0)
DA:9,12
DA:10,3
DA:15,12
LF:3
LH:3
BRF:0
BRH:0
end_of_record
TN:
SF:src/components/DeleteButton.tsx
FN:13,(anonymous_0)
FN:15,(anonymous_1)
FNF:2
FNH:1
FNDA:3,(anonymous_0)
FNDA:0,(anonymous_1)
DA:13,12
DA:14,3
DA:15,0
DA:16,0
DA:18,0
DA:34,12
LF:6
LH:3
BRF:0
BRH:0
end_of_record
TN:
SF:src/components/Icon.tsx
FN:14,(anonymous_0)
FNF:1
FNH:1
FNDA:1,(anonymous_0)
DA:14,12
DA:15,1
DA:18,12
LF:3
LH:3
BRF:0
BRH:0
end_of_record
TN:
SF:src/components/Item.tsx
FN:11,(anonymous_0)
FN:16,(anonymous_1)
FNF:2
FNH:2
FNDA:2,(anonymous_0)
FNDA:1,(anonymous_1)
DA:11,11
DA:12,2
DA:16,1
DA:32,11
LF:4
LH:4
BRF:0
BRH:0
end_of_record
TN:
SF:src/components/LogoIcon.tsx
FN:4,(anonymous_0)
FNF:1
FNH:1
FNDA:1,(anonymous_0)
DA:4,11
DA:5,1
LF:2
LH:2
BRF:0
BRH:0
end_of_record
TN:
SF:src/components/QuantityItem.tsx
FN:11,(anonymous_0)
FN:12,(anonymous_1)
FN:20,(anonymous_2)
FN:22,(anonymous_3)
FNF:4
FNH:4
FNDA:3,(anonymous_0)
FNDA:2,(anonymous_1)
FNDA:1,(anonymous_2)
FNDA:1,(anonymous_3)
DA:11,12
DA:12,3
DA:13,2
DA:14,1
DA:16,1
DA:18,3
DA:20,1
DA:22,1
DA:26,12
LF:9
LH:9
BRDA:13,0,0,1
BRDA:13,0,1,1
BRDA:13,1,0,2
BRDA:13,1,1,2
BRF:4
BRH:4
end_of_record
TN:
SF:src/components/index.tsx
FNF:0
FNH:0
LF:0
LH:0
BRF:0
BRH:0
end_of_record
TN:
SF:src/hooks/react-hooks.ts
FN:6,(anonymous_0)
FN:7,(anonymous_1)
FNF:2
FNH:0
FNDA:0,(anonymous_0)
FNDA:0,(anonymous_1)
DA:6,4
DA:7,4
LF:2
LH:2
BRF:0
BRH:0
end_of_record
TN:
SF:src/pages/CartScreen.tsx
FN:18,(anonymous_0)
FN:24,(anonymous_1)
FN:25,(anonymous_2)
FN:34,(anonymous_3)
FN:38,(anonymous_4)
FN:46,(anonymous_5)
FN:47,(anonymous_6)
FN:48,(anonymous_7)
FNF:8
FNH:1
FNDA:1,(anonymous_0)
FNDA:0,(anonymous_1)
FNDA:0,(anonymous_2)
FNDA:0,(anonymous_3)
FNDA:0,(anonymous_4)
FNDA:0,(anonymous_5)
FNDA:0,(anonymous_6)
FNDA:0,(anonymous_7)
DA:18,2
DA:19,1
DA:20,1
DA:21,0
DA:22,0
DA:24,0
DA:25,0
DA:26,0
DA:27,0
DA:29,0
DA:31,0
DA:34,0
DA:35,0
DA:36,0
DA:38,0
DA:39,0
DA:42,0
DA:46,0
DA:47,0
DA:49,0
DA:64,2
LF:21
LH:4
BRDA:26,0,0,0
BRDA:26,0,1,0
BRF:2
BRH:0
end_of_record
TN:
SF:src/pages/HomeScreen.tsx
FN:8,(anonymous_0)
FN:10,(anonymous_1)
FN:18,(anonymous_2)
FN:19,(anonymous_3)
FNF:4
FNH:1
FNDA:1,(anonymous_0)
FNDA:0,(anonymous_1)
FNDA:0,(anonymous_2)
FNDA:0,(anonymous_3)
DA:8,2
DA:9,1
DA:10,1
DA:11,0
DA:13,1
DA:18,0
DA:19,0
DA:25,2
LF:8
LH:5
BRF:0
BRH:0
end_of_record
TN:
SF:src/pages/ProductDescriptionScreen.tsx
FN:14,(anonymous_0)
FN:21,(anonymous_1)
FNF:2
FNH:1
FNDA:4,(anonymous_0)
FNDA:0,(anonymous_1)
DA:14,2
DA:15,4
DA:16,4
DA:19,4
DA:20,4
DA:21,0
DA:22,0
DA:23,0
DA:26,0
DA:45,2
LF:10
LH:6
BRF:0
BRH:0
end_of_record
TN:
SF:src/pages/index.ts
FNF:0
FNH:0
LF:0
LH:0
BRF:0
BRH:0
end_of_record
TN:
SF:src/store/index.ts
FN:6,initializeStore
FNF:1
FNH:1
FNDA:1,initializeStore
DA:7,1
LF:1
LH:1
BRF:0
BRH:0
end_of_record
TN:
SF:src/store/state.ts
FNF:0
FNH:0
DA:7,0
LF:1
LH:0
BRF:0
BRH:0
end_of_record
TN:
SF:src/store/actions/helpers.ts
FN:81,createAction
FNF:1
FNH:1
FNDA:3,createAction
DA:82,3
LF:1
LH:1
BRDA:82,0,0,1
BRDA:82,0,1,2
BRF:2
BRH:2
end_of_record
TN:
SF:src/store/actions/products.ts
FN:18,(anonymous_0)
FN:20,(anonymous_1)
FN:22,(anonymous_2)
FNF:3
FNH:3
FNDA:1,(anonymous_0)
FNDA:1,(anonymous_1)
FNDA:1,(anonymous_2)
DA:17,14
DA:19,1
DA:21,1
DA:23,1
LF:4
LH:4
BRF:0
BRH:0
end_of_record
TN:
SF:src/store/reducers/index.ts
FNF:0
FNH:0
LF:0
LH:0
BRF:0
BRH:0
end_of_record
TN:
SF:src/store/reducers/products.ts
FN:12,(anonymous_0)
FN:19,(anonymous_1)
FN:25,(anonymous_2)
FN:37,(anonymous_3)
FNF:4
FNH:4
FNDA:8,(anonymous_0)
FNDA:2,(anonymous_1)
FNDA:2,(anonymous_2)
FNDA:2,(anonymous_3)
DA:8,2
DA:12,2
DA:16,8
DA:18,2
DA:19,2
DA:21,2
DA:22,1
DA:25,2
DA:30,1
DA:35,1
DA:37,2
DA:40,1
DA:45,4
LF:13
LH:13
BRDA:13,0,0,4
BRDA:16,1,0,2
BRDA:16,1,1,1
BRDA:16,1,2,1
BRDA:16,1,3,4
BRDA:21,2,0,1
BRDA:21,2,1,1
BRF:7
BRH:7
end_of_record
TN:
SF:src/store/selectors/index.ts
FN:3,(anonymous_0)
FNF:1
FNH:0
FNDA:0,(anonymous_0)
DA:3,12
DA:4,0
LF:2
LH:1
BRF:0
BRH:0
end_of_record
TN:
SF:src/types/index.ts
FNF:0
FNH:0
LF:0
LH:0
BRF:0
BRH:0
end_of_record
TN:
SF:src/types/product.ts
FN:8,(anonymous_0)
FNF:1
FNH:1
FNDA:4,(anonymous_0)
DA:9,4
DA:10,4
DA:11,4
DA:12,4
DA:13,4
LF:5
LH:5
BRDA:8,0,0,0
BRDA:10,1,0,4
BRDA:10,1,1,0
BRDA:11,2,0,4
BRDA:11,2,1,0
BRDA:12,3,0,4
BRDA:12,3,1,0
BRDA:13,4,0,4
BRDA:13,4,1,0
BRF:9
BRH:4
end_of_record
